\BOOKMARK [0][-]{chapter.1}{Introduction}{}% 1
\BOOKMARK [1][-]{section.1.1}{Mathematical Review}{chapter.1}% 2
\BOOKMARK [2][-]{subsection.1.1.1}{Dirac Notation}{section.1.1}% 3
\BOOKMARK [2][-]{subsection.1.1.2}{Atomic Units}{section.1.1}% 4
\BOOKMARK [2][-]{subsection.1.1.3}{Electronic Orbitals}{section.1.1}% 5
\BOOKMARK [2][-]{subsection.1.1.4}{Hartree Products}{section.1.1}% 6
\BOOKMARK [2][-]{subsection.1.1.5}{Slater Determinants}{section.1.1}% 7
\BOOKMARK [1][-]{section.1.2}{The Many-body Electronic Problem}{chapter.1}% 8
\BOOKMARK [2][-]{subsection.1.2.1}{Non-relativistic Approximation}{section.1.2}% 9
\BOOKMARK [2][-]{subsection.1.2.2}{Born-Oppenheimer Approximation}{section.1.2}% 10
\BOOKMARK [2][-]{subsection.1.2.3}{Statement of the Problem}{section.1.2}% 11
\BOOKMARK [1][-]{section.1.3}{The Hartree-Fock Approximation}{chapter.1}% 12
\BOOKMARK [2][-]{subsection.1.3.1}{Physicists' Notation}{section.1.3}% 13
\BOOKMARK [2][-]{subsection.1.3.2}{The Hartree-Fock Equations}{section.1.3}% 14
\BOOKMARK [2][-]{subsection.1.3.3}{The Self-Consistent Field Method}{section.1.3}% 15
\BOOKMARK [1][-]{section.1.4}{Post-Hartree-Fock Methods}{chapter.1}% 16
\BOOKMARK [2][-]{subsection.1.4.1}{Configuration Interaction}{section.1.4}% 17
\BOOKMARK [2][-]{subsection.1.4.2}{Pair and Coupled Pair Theories}{section.1.4}% 18
\BOOKMARK [1][-]{section.1.5}{Perturbation Theory}{chapter.1}% 19
\BOOKMARK [2][-]{subsection.1.5.1}{Rayleigh-Schr\366dinger Perturbation Theory}{section.1.5}% 20
\BOOKMARK [2][-]{subsection.1.5.2}{Many-body Perturbation Theory}{section.1.5}% 21
\BOOKMARK [2][-]{subsection.1.5.3}{Computational Complexity of MP2}{section.1.5}% 22
\BOOKMARK [0][-]{chapter.2}{The MC-MP2 Method I: Theory}{}% 23
\BOOKMARK [1][-]{section.2.1}{Monte Carlo Integration}{chapter.2}% 24
\BOOKMARK [2][-]{subsection.2.1.1}{Importance Sampling}{section.2.1}% 25
\BOOKMARK [1][-]{section.2.2}{Laplace Transform Formalism}{chapter.2}% 26
\BOOKMARK [2][-]{subsection.2.2.1}{Separability of the MP2 Energy}{section.2.2}% 27
\BOOKMARK [2][-]{subsection.2.2.2}{The Laplace Transform}{section.2.2}% 28
\BOOKMARK [2][-]{subsection.2.2.3}{MP2 Energy in the Laplace Transform}{section.2.2}% 29
\BOOKMARK [1][-]{section.2.3}{The Electronic Importance Function}{chapter.2}% 30
\BOOKMARK [1][-]{section.2.4}{Conclusions}{chapter.2}% 31
\BOOKMARK [0][-]{chapter.3}{The MC-MP2 Method II: Implementation}{}% 32
\BOOKMARK [1][-]{section.3.1}{Inverse Transform Sampling}{chapter.3}% 33
\BOOKMARK [1][-]{section.3.2}{The Redundant-Walker Algorithm}{chapter.3}% 34
\BOOKMARK [1][-]{section.3.3}{The Control Variates Method}{chapter.3}% 35
\BOOKMARK [1][-]{section.3.4}{F12 Correction}{chapter.3}% 36
\BOOKMARK [1][-]{section.3.5}{Correlated Sampling Method}{chapter.3}% 37
\BOOKMARK [2][-]{subsection.3.5.1}{Pseudorandom Number Generation}{section.3.5}% 38
\BOOKMARK [2][-]{subsection.3.5.2}{Implementation of Correlated Sampling}{section.3.5}% 39
\BOOKMARK [1][-]{section.3.6}{Counterpoise Correction}{chapter.3}% 40
\BOOKMARK [0][-]{chapter.4}{MC-MP2 Calculations of Dimer Systems}{}% 41
\BOOKMARK [1][-]{section.4.1}{3D Dimer Geometries}{chapter.4}% 42
\BOOKMARK [1][-]{section.4.2}{HF Interaction Energies}{chapter.4}% 43
\BOOKMARK [1][-]{section.4.3}{MC-MP2 Computational Details}{chapter.4}% 44
\BOOKMARK [1][-]{section.4.4}{MC-MP2 Interaction Energies}{chapter.4}% 45
\BOOKMARK [1][-]{section.4.5}{MC-MP2 Controlled Interaction Energies}{chapter.4}% 46
\BOOKMARK [1][-]{section.4.6}{Conclusions}{chapter.4}% 47
\BOOKMARK [0][-]{chapter*.2}{Bibliography}{}% 48
